<?xml version="1.0" encoding="UTF-8"?>
<!-- Generated by org.testng.reporters.JUnitReportReporter -->
<testsuite hostname="DESKTOP-CA3N5K1" failures="0" tests="1" name="dd" time="19.881" errors="0" timestamp="2021-12-08T11:02:46 IST" skipped="0">
  <testcase classname="dd" name="Test1" time="19.881"/>
  <system-out/>
</testsuite> <!-- dd -->
